2023-12-06 06:47:23,702 - INFO - Player X made a move at row 0, column 0.
2023-12-06 06:47:23,702 - INFO - Player O made a move at row 1, column 1.
2023-12-06 06:47:25,297 - INFO - Player X made a move at row 0, column 1.
2023-12-06 06:47:25,297 - INFO - Player O made a move at row 2, column 0.
2023-12-06 06:47:26,271 - INFO - Player X made a move at row 0, column 2.
2023-12-06 06:47:26,271 - INFO - Player X won the game!
2023-12-06 06:48:29,349 - INFO - Player X made a move at row 1, column 0.
2023-12-06 06:48:29,349 - INFO - Player O made a move at row 2, column 2.
2023-12-06 06:48:33,135 - INFO - Player X made a move at row 1, column 1.
2023-12-06 06:48:33,135 - INFO - Player O made a move at row 2, column 0.
2023-12-06 06:48:35,456 - INFO - Player X made a move at row 1, column 2.
2023-12-06 06:48:35,457 - INFO - Player X won the game!
2023-12-06 06:48:57,132 - INFO - Player X made a move at row 2, column 0.
2023-12-06 06:49:00,029 - INFO - Player O made a move at row 0, column 0.
2023-12-06 06:49:02,856 - INFO - Player X made a move at row 2, column 1.
2023-12-06 06:49:05,499 - INFO - Player O made a move at row 0, column 1.
2023-12-06 06:49:09,328 - INFO - Player X made a move at row 1, column 0.
2023-12-06 06:49:11,069 - INFO - Player O made a move at row 0, column 2.
2023-12-06 06:49:11,070 - INFO - Player O won the game!
2023-12-06 06:51:06,018 - INFO - Player X made a move at row 0, column 2.
2023-12-06 06:51:08,288 - INFO - Player O made a move at row 2, column 0.
2023-12-06 06:51:12,817 - INFO - Player X made a move at row 1, column 1.
2023-12-06 06:51:17,878 - INFO - Player O made a move at row 2, column 1.
2023-12-06 06:51:20,792 - INFO - Player X made a move at row 0, column 0.
2023-12-06 06:51:27,042 - INFO - Player O made a move at row 2, column 2.
2023-12-06 06:51:27,042 - INFO - Player O won the game!
2023-12-06 06:51:33,864 - INFO - Player X made a move at row 2, column 1.
2023-12-06 06:51:33,864 - INFO - Player O made a move at row 1, column 0.
2023-12-06 06:51:37,734 - INFO - Player X made a move at row 0, column 0.
2023-12-06 06:51:37,734 - INFO - Player O made a move at row 0, column 2.
2023-12-06 06:51:41,884 - INFO - Player X made a move at row 1, column 1.
2023-12-06 06:51:41,885 - INFO - Player O made a move at row 0, column 1.
2023-12-06 06:51:47,199 - INFO - Player X made a move at row 2, column 2.
2023-12-06 06:51:47,200 - INFO - Player X won the game!
2023-12-06 06:53:59,227 - INFO - Player X made a move at row 0, column 2.
2023-12-06 06:54:00,891 - INFO - Player O made a move at row 2, column 0.
2023-12-06 06:54:04,368 - INFO - Player X made a move at row 2, column 1.
2023-12-06 06:54:09,476 - INFO - Player O made a move at row 1, column 0.
2023-12-06 06:54:12,429 - INFO - Player X made a move at row 1, column 1.
2023-12-06 06:54:14,587 - INFO - Player O made a move at row 0, column 0.
2023-12-06 06:54:14,588 - INFO - Player O won the game!
2023-12-06 06:54:33,868 - INFO - Player X made a move at row 1, column 1.
2023-12-06 06:54:35,345 - INFO - Player O made a move at row 0, column 0.
2023-12-06 06:54:39,704 - INFO - Player X made a move at row 0, column 2.
2023-12-06 06:54:43,738 - INFO - Player O made a move at row 0, column 1.
2023-12-06 06:54:47,788 - INFO - Player X made a move at row 2, column 0.
2023-12-06 06:54:47,789 - INFO - Player X won the game!
2023-12-06 06:54:55,943 - INFO - Player X made a move at row 2, column 0.
2023-12-06 06:54:55,943 - INFO - Player O made a move at row 2, column 2.
2023-12-06 06:54:59,660 - INFO - Player X made a move at row 1, column 0.
2023-12-06 06:54:59,661 - INFO - Player O made a move at row 0, column 2.
2023-12-06 06:55:07,399 - INFO - Player X made a move at row 1, column 1.
2023-12-06 06:55:07,400 - INFO - Player O made a move at row 0, column 0.
2023-12-06 06:55:12,532 - INFO - Player X made a move at row 1, column 2.
2023-12-06 06:55:12,533 - INFO - Player X won the game!
2023-12-06 06:55:23,289 - INFO - Player X made a move at row 0, column 1.
2023-12-06 06:55:23,289 - INFO - Player O made a move at row 0, column 2.
2023-12-06 06:55:27,898 - INFO - Player X made a move at row 2, column 1.
2023-12-06 06:55:27,898 - INFO - Player O made a move at row 1, column 1.
2023-12-06 06:55:31,152 - INFO - Player X made a move at row 0, column 0.
2023-12-06 06:55:31,153 - INFO - Player O made a move at row 1, column 2.
2023-12-06 06:55:38,477 - INFO - Player X made a move at row 1, column 0.
2023-12-06 06:55:38,477 - INFO - Player O made a move at row 2, column 0.
2023-12-06 06:55:38,478 - INFO - Player O won the game!
2023-12-06 06:55:53,009 - INFO - Player X made a move at row 1, column 1.
2023-12-06 06:55:54,742 - INFO - Player O made a move at row 0, column 0.
2023-12-06 06:55:57,983 - INFO - Player X made a move at row 2, column 2.
2023-12-06 06:55:59,902 - INFO - Player O made a move at row 0, column 1.
2023-12-06 06:56:02,681 - INFO - Player X made a move at row 0, column 2.
2023-12-06 06:56:08,763 - INFO - Player O made a move at row 2, column 0.
2023-12-06 06:56:14,893 - INFO - Player X made a move at row 1, column 2.
2023-12-06 06:56:14,894 - INFO - Player X won the game!
2023-12-06 06:56:24,134 - INFO - Player X made a move at row 0, column 0.
2023-12-06 06:56:24,134 - INFO - Player O made a move at row 1, column 0.
2023-12-06 06:56:26,350 - INFO - Player X made a move at row 0, column 2.
2023-12-06 06:56:26,351 - INFO - Player O made a move at row 2, column 0.
2023-12-06 06:56:30,465 - INFO - Player X made a move at row 0, column 1.
2023-12-06 06:56:30,466 - INFO - Player X won the game!
2023-12-06 06:56:36,203 - INFO - Player X made a move at row 0, column 2.
2023-12-06 06:56:36,204 - INFO - Player O made a move at row 1, column 1.
2023-12-06 06:56:38,576 - INFO - Player X made a move at row 1, column 0.
2023-12-06 06:56:38,577 - INFO - Player O made a move at row 0, column 0.
2023-12-06 06:56:46,437 - INFO - Player X made a move at row 2, column 2.
2023-12-06 06:56:46,438 - INFO - Player O made a move at row 1, column 2.
2023-12-06 06:56:51,744 - INFO - Player X made a move at row 2, column 0.
2023-12-06 06:56:51,744 - INFO - Player O made a move at row 2, column 1.
2023-12-06 06:56:58,108 - INFO - Player X made a move at row 0, column 1.
2023-12-06 06:56:58,108 - INFO - The game ended in a draw.
2023-12-06 06:57:11,286 - INFO - Player X made a move at row 2, column 1.
2023-12-06 06:57:11,287 - INFO - Player O made a move at row 1, column 0.
2023-12-06 06:57:12,999 - INFO - Player X made a move at row 0, column 0.
2023-12-06 06:57:12,999 - INFO - Player O made a move at row 1, column 2.
2023-12-06 06:57:14,044 - INFO - Player X made a move at row 0, column 2.
2023-12-06 06:57:14,044 - INFO - Player O made a move at row 2, column 2.
2023-12-06 06:57:17,686 - INFO - Player X made a move at row 1, column 1.
2023-12-06 06:57:17,687 - INFO - Player O made a move at row 2, column 0.
2023-12-06 06:57:20,630 - INFO - Player X made a move at row 0, column 1.
2023-12-06 06:57:20,630 - INFO - Player X won the game!
2023-12-06 06:57:33,751 - INFO - Player X made a move at row 0, column 0.
2023-12-06 06:57:33,751 - INFO - Player O made a move at row 0, column 1.
2023-12-06 06:57:36,425 - INFO - Player X made a move at row 1, column 2.
2023-12-06 06:57:36,425 - INFO - Player O made a move at row 1, column 0.
2023-12-06 06:57:39,727 - INFO - Player X made a move at row 0, column 2.
2023-12-06 06:57:39,727 - INFO - Player O made a move at row 2, column 0.
2023-12-06 06:57:45,307 - INFO - Player X made a move at row 2, column 2.
2023-12-06 06:57:45,308 - INFO - Player X won the game!
2023-12-06 06:58:05,510 - INFO - Player X made a move at row 2, column 0.
2023-12-06 06:58:05,511 - INFO - Player O made a move at row 1, column 0.
2023-12-06 06:58:07,417 - INFO - Player X made a move at row 1, column 1.
2023-12-06 06:58:07,418 - INFO - Player O made a move at row 0, column 2.
2023-12-06 06:58:10,215 - INFO - Player X made a move at row 0, column 1.
2023-12-06 06:58:10,216 - INFO - Player O made a move at row 1, column 2.
2023-12-06 06:58:13,463 - INFO - Player X made a move at row 2, column 1.
2023-12-06 06:58:13,463 - INFO - Player X won the game!
2023-12-06 06:58:24,102 - INFO - Player X made a move at row 0, column 2.
2023-12-06 06:58:25,587 - INFO - Player O made a move at row 1, column 0.
2023-12-06 06:58:32,816 - INFO - Player X made a move at row 0, column 0.
2023-12-06 06:58:34,525 - INFO - Player O made a move at row 0, column 1.
2023-12-06 06:58:36,145 - INFO - Player X made a move at row 0, column 2.
2023-12-06 06:58:38,542 - INFO - Player O made a move at row 1, column 1.
2023-12-06 06:58:47,231 - INFO - Player X made a move at row 1, column 0.
2023-12-06 06:58:48,509 - INFO - Player O made a move at row 0, column 1.
2023-12-06 06:58:55,672 - INFO - Player X made a move at row 1, column 0.
2023-12-06 06:58:56,550 - INFO - Player O made a move at row 0, column 1.
2023-12-06 06:58:58,337 - INFO - Player X made a move at row 2, column 0.
2023-12-06 06:58:59,220 - INFO - Player O made a move at row 0, column 2.
2023-12-06 06:59:03,028 - INFO - Player X made a move at row 2, column 1.
2023-12-06 06:59:06,187 - INFO - Player O made a move at row 1, column 2.
2023-12-06 06:59:10,334 - INFO - Player X made a move at row 0, column 0.
2023-12-06 06:59:10,334 - INFO - Player X won the game!
2023-12-06 07:01:11,693 - INFO - Player X made a move at row 1, column 1.
2023-12-06 07:01:11,693 - INFO - Player O made a move at row 0, column 2.
2023-12-06 07:01:17,748 - INFO - Player X made a move at row 1, column 0.
2023-12-06 07:01:17,748 - INFO - Player O made a move at row 2, column 2.
2023-12-06 07:01:22,334 - INFO - Player X made a move at row 0, column 0.
2023-12-06 07:01:22,335 - INFO - Player O made a move at row 2, column 0.
2023-12-06 07:01:24,679 - INFO - Player X made a move at row 1, column 2.
2023-12-06 07:01:24,680 - INFO - Player X won the game!
2023-12-06 07:03:50,923 - INFO - Player X made a move at row 2, column 1.
2023-12-06 07:03:50,923 - INFO - Player O made a move at row 0, column 2.
2023-12-06 07:03:52,664 - INFO - Player X made a move at row 0, column 1.
2023-12-06 07:03:52,664 - INFO - Player O made a move at row 1, column 0.
2023-12-06 07:03:54,318 - INFO - Player X made a move at row 2, column 0.
2023-12-06 07:03:54,318 - INFO - Player O made a move at row 1, column 2.
2023-12-06 07:03:56,243 - INFO - Player X made a move at row 1, column 1.
2023-12-06 07:03:56,244 - INFO - Player X won the game!
2023-12-06 07:04:01,664 - INFO - Player X made a move at row 0, column 0.
2023-12-06 07:04:02,874 - INFO - Player O made a move at row 0, column 1.
2023-12-06 07:04:03,728 - INFO - Player X made a move at row 0, column 2.
2023-12-06 07:04:05,450 - INFO - Player O made a move at row 1, column 0.
2023-12-06 07:04:07,174 - INFO - Player X made a move at row 1, column 1.
2023-12-06 07:04:08,757 - INFO - Player O made a move at row 1, column 2.
2023-12-06 07:04:16,632 - INFO - Player X made a move at row 0, column 0.
2023-12-06 07:04:18,255 - INFO - Player O made a move at row 0, column 1.
2023-12-06 07:04:19,226 - INFO - Player X made a move at row 0, column 2.
2023-12-06 07:04:21,178 - INFO - Player O made a move at row 1, column 0.
2023-12-06 07:04:22,164 - INFO - Player X made a move at row 1, column 1.
2023-12-06 07:04:23,981 - INFO - Player O made a move at row 1, column 2.
2023-12-06 07:04:25,706 - INFO - Player X made a move at row 2, column 0.
2023-12-06 07:04:25,707 - INFO - Player X won the game!
2023-12-06 07:04:45,726 - INFO - Player X made a move at row 2, column 0.
2023-12-06 07:04:47,251 - INFO - Player O made a move at row 2, column 1.
2023-12-06 07:04:48,251 - INFO - Player X made a move at row 2, column 2.
2023-12-06 07:04:50,480 - INFO - Player O made a move at row 1, column 0.
2023-12-06 07:04:51,431 - INFO - Player X made a move at row 1, column 1.
2023-12-06 07:04:52,443 - INFO - Player O made a move at row 1, column 2.
2023-12-06 07:04:54,545 - INFO - Player X made a move at row 0, column 0.
2023-12-06 07:04:54,546 - INFO - Player X won the game!
2023-12-06 07:05:02,135 - INFO - Player X made a move at row 0, column 2.
2023-12-06 07:05:03,298 - INFO - Player O made a move at row 2, column 1.
2023-12-06 07:05:05,138 - INFO - Player X made a move at row 2, column 0.
2023-12-06 07:05:06,535 - INFO - Player O made a move at row 0, column 1.
2023-12-06 07:05:07,957 - INFO - Player X made a move at row 0, column 0.
2023-12-06 07:05:14,707 - INFO - Player O made a move at row 1, column 2.
2023-12-06 07:05:17,241 - INFO - Player X made a move at row 1, column 0.
2023-12-06 07:05:17,241 - INFO - Player X won the game!
2023-12-06 07:05:23,737 - INFO - Player X made a move at row 0, column 2.
2023-12-06 07:05:25,041 - INFO - Player O made a move at row 1, column 0.
2023-12-06 07:05:26,708 - INFO - Player X made a move at row 1, column 2.
2023-12-06 07:05:27,939 - INFO - Player O made a move at row 2, column 2.
2023-12-06 07:05:29,003 - INFO - Player X made a move at row 2, column 1.
2023-12-06 07:05:30,244 - INFO - Player O made a move at row 2, column 0.
2023-12-06 07:05:38,119 - INFO - Player X made a move at row 0, column 2.
2023-12-06 07:05:38,120 - INFO - Player O made a move at row 2, column 1.
2023-12-06 07:05:39,188 - INFO - Player X made a move at row 2, column 0.
2023-12-06 07:05:39,188 - INFO - Player O made a move at row 0, column 1.
2023-12-06 07:05:45,217 - INFO - Player X made a move at row 0, column 0.
2023-12-06 07:05:45,218 - INFO - Player O made a move at row 1, column 2.
2023-12-06 07:05:47,426 - INFO - Player X made a move at row 1, column 1.
2023-12-06 07:05:47,426 - INFO - Player X won the game!
2023-12-06 07:05:59,400 - INFO - Player X made a move at row 0, column 1.
2023-12-06 07:05:59,400 - INFO - Player O made a move at row 1, column 1.
2023-12-06 07:06:00,309 - INFO - Player X made a move at row 0, column 2.
2023-12-06 07:06:00,310 - INFO - Player O made a move at row 2, column 2.
2023-12-06 07:06:09,500 - INFO - Player X made a move at row 1, column 0.
2023-12-06 07:06:09,501 - INFO - Player O made a move at row 0, column 0.
2023-12-06 07:06:10,486 - INFO - Player X made a move at row 0, column 1.
2023-12-06 07:06:10,487 - INFO - Player O made a move at row 2, column 2.
2023-12-06 07:06:13,607 - INFO - Player X made a move at row 0, column 2.
2023-12-06 07:06:13,607 - INFO - Player O made a move at row 2, column 0.
2023-12-06 07:06:15,693 - INFO - Player X made a move at row 1, column 2.
2023-12-06 07:06:15,693 - INFO - Player O made a move at row 1, column 1.
2023-12-06 07:06:15,694 - INFO - Player O won the game!
2023-12-06 07:06:20,771 - INFO - Player X made a move at row 0, column 2.
2023-12-06 07:06:20,771 - INFO - Player O made a move at row 2, column 1.
2023-12-06 07:06:21,944 - INFO - Player X made a move at row 1, column 0.
2023-12-06 07:06:21,944 - INFO - Player O made a move at row 1, column 2.
2023-12-06 07:06:23,436 - INFO - Player X made a move at row 2, column 2.
2023-12-06 07:06:23,436 - INFO - Player O made a move at row 0, column 1.
2023-12-06 07:06:25,243 - INFO - Player X made a move at row 2, column 0.
2023-12-06 07:06:25,243 - INFO - Player O made a move at row 1, column 1.
2023-12-06 07:06:25,244 - INFO - Player O won the game!
2023-12-06 07:06:29,457 - INFO - Player X made a move at row 0, column 2.
2023-12-06 07:06:31,060 - INFO - Player O made a move at row 2, column 0.
2023-12-06 07:06:32,250 - INFO - Player X made a move at row 2, column 1.
2023-12-06 07:06:34,492 - INFO - Player O made a move at row 1, column 1.
2023-12-06 07:06:35,942 - INFO - Player X made a move at row 1, column 0.
2023-12-06 07:06:37,095 - INFO - Player O made a move at row 0, column 1.
2023-12-06 07:06:38,585 - INFO - Player X made a move at row 0, column 0.
2023-12-06 07:06:41,096 - INFO - Player O made a move at row 1, column 2.
2023-12-06 07:06:42,712 - INFO - Player X made a move at row 2, column 2.
2023-12-06 07:06:42,713 - INFO - The game ended in a draw.
2023-12-06 07:06:50,557 - INFO - Player X made a move at row 0, column 2.
2023-12-06 07:06:50,558 - INFO - Player O made a move at row 0, column 0.
2023-12-06 07:06:51,375 - INFO - Player X made a move at row 0, column 1.
2023-12-06 07:06:51,376 - INFO - Player O made a move at row 2, column 1.
2023-12-06 07:06:54,567 - INFO - Player X made a move at row 1, column 2.
2023-12-06 07:06:54,567 - INFO - Player O made a move at row 1, column 1.
2023-12-06 07:06:57,260 - INFO - Player X made a move at row 2, column 0.
2023-12-06 07:06:57,261 - INFO - Player O made a move at row 1, column 0.
2023-12-06 07:06:59,392 - INFO - Player X made a move at row 2, column 2.
2023-12-06 07:06:59,393 - INFO - Player X won the game!
2023-12-06 07:07:05,276 - INFO - Player X made a move at row 0, column 0.
2023-12-06 07:07:05,277 - INFO - Player O made a move at row 2, column 1.
2023-12-06 07:07:07,155 - INFO - Player X made a move at row 2, column 2.
2023-12-06 07:07:07,156 - INFO - Player O made a move at row 1, column 2.
2023-12-06 07:07:08,377 - INFO - Player X made a move at row 1, column 1.
2023-12-06 07:07:08,377 - INFO - Player X won the game!
2023-12-06 07:07:15,068 - INFO - Player X made a move at row 2, column 0.
2023-12-06 07:07:15,069 - INFO - Player O made a move at row 2, column 2.
2023-12-06 07:07:16,161 - INFO - Player X made a move at row 0, column 2.
2023-12-06 07:07:16,162 - INFO - Player O made a move at row 2, column 1.
2023-12-06 07:07:17,406 - INFO - Player X made a move at row 1, column 1.
2023-12-06 07:07:17,407 - INFO - Player X won the game!
2023-12-06 07:07:30,121 - INFO - Player X made a move at row 0, column 0.
2023-12-06 07:07:30,122 - INFO - Player O made a move at row 2, column 0.
2023-12-06 07:07:31,590 - INFO - Player X made a move at row 0, column 1.
2023-12-06 07:07:31,591 - INFO - Player O made a move at row 1, column 0.
2023-12-06 07:07:39,659 - INFO - Player X made a move at row 0, column 0.
2023-12-06 07:07:39,659 - INFO - Player O made a move at row 2, column 2.
2023-12-06 07:07:40,754 - INFO - Player X made a move at row 0, column 1.
2023-12-06 07:07:40,754 - INFO - Player O made a move at row 2, column 0.
2023-12-06 07:07:41,696 - INFO - Player X made a move at row 0, column 2.
2023-12-06 07:07:41,696 - INFO - Player X won the game!
2023-12-06 07:07:48,576 - INFO - Player X made a move at row 0, column 2.
2023-12-06 07:07:49,494 - INFO - Player O made a move at row 2, column 0.
2023-12-06 07:07:50,803 - INFO - Player X made a move at row 1, column 1.
2023-12-06 07:07:54,350 - INFO - Player O made a move at row 0, column 1.
2023-12-06 07:07:55,491 - INFO - Player X made a move at row 0, column 0.
2023-12-06 07:07:57,257 - INFO - Player O made a move at row 2, column 2.
2023-12-06 07:08:11,958 - INFO - Player X made a move at row 2, column 1.
2023-12-06 07:08:13,753 - INFO - Player O made a move at row 2, column 0.
2023-12-06 07:08:14,666 - INFO - Player X made a move at row 2, column 2.
2023-12-06 07:08:17,173 - INFO - Player O made a move at row 1, column 0.
2023-12-06 07:08:18,039 - INFO - Player X made a move at row 0, column 1.
2023-12-06 07:08:19,329 - INFO - Player O made a move at row 0, column 0.
2023-12-06 07:08:19,329 - INFO - Player O won the game!
2023-12-06 07:08:28,946 - INFO - Player X made a move at row 0, column 0.
2023-12-06 07:08:30,027 - INFO - Player O made a move at row 0, column 1.
2023-12-06 07:08:31,199 - INFO - Player X made a move at row 0, column 2.
2023-12-06 07:08:32,929 - INFO - Player O made a move at row 2, column 0.
2023-12-06 07:08:35,589 - INFO - Player X made a move at row 2, column 2.
2023-12-06 07:08:38,088 - INFO - Player O made a move at row 2, column 1.
2023-12-06 07:08:39,927 - INFO - Player X made a move at row 1, column 0.
2023-12-06 07:08:41,174 - INFO - Player O made a move at row 1, column 1.
2023-12-06 07:08:41,175 - INFO - Player O won the game!
2023-12-06 07:08:48,394 - INFO - Player X made a move at row 0, column 2.
2023-12-06 07:08:49,686 - INFO - Player O made a move at row 2, column 0.
2023-12-06 07:08:51,041 - INFO - Player X made a move at row 1, column 1.
2023-12-06 07:08:51,909 - INFO - Player O made a move at row 0, column 0.
2023-12-06 07:08:54,915 - INFO - Player X made a move at row 0, column 1.
2023-12-06 07:08:57,997 - INFO - Player O made a move at row 1, column 0.
2023-12-06 07:08:57,997 - INFO - Player O won the game!
2023-12-06 07:09:10,349 - INFO - Player X made a move at row 1, column 0.
2023-12-06 07:09:10,350 - INFO - Player O made a move at row 1, column 2.
2023-12-06 07:09:11,411 - INFO - Player X made a move at row 0, column 0.
2023-12-06 07:09:11,411 - INFO - Player O made a move at row 2, column 0.
2023-12-06 07:09:22,478 - INFO - Player X made a move at row 0, column 1.
2023-12-06 07:09:22,478 - INFO - Player O made a move at row 1, column 1.
2023-12-06 07:09:24,458 - INFO - Player X made a move at row 0, column 2.
2023-12-06 07:09:24,459 - INFO - Player O made a move at row 0, column 0.
2023-12-06 07:09:25,560 - INFO - Player X made a move at row 2, column 0.
2023-12-06 07:09:25,560 - INFO - Player O made a move at row 1, column 0.
2023-12-06 07:09:28,942 - INFO - Player X made a move at row 1, column 2.
2023-12-06 07:09:28,943 - INFO - Player O made a move at row 2, column 2.
2023-12-06 07:09:28,944 - INFO - Player O won the game!
